<?xml version="1.0" encoding="UTF-8"?>
<!-- Generated by org.testng.reporters.JUnitReportReporter -->
<testsuite hostname="DESKTOP-K8HJ363" failures="0" tests="4" name="training.Extend_report" time="2.679" errors="1" timestamp="10 Jun 2021 13:35:00 GMT" skipped="3">
  <testcase classname="training.Extend_report" name="titleverification_Test" time="0.000">
    <skipped/>
  </testcase> <!-- titleverification_Test -->
  <testcase classname="training.Extend_report" name="teardown" time="0.000">
    <skipped/>
  </testcase> <!-- teardown -->
  <testcase classname="training.Extend_report" name="setup" time="2.679">
    <error message="session not created: This version of ChromeDriver only supports Chrome version 89
Current browser version is 91.0.4472.77 with binary path C:\Program Files\Google\Chrome\Application\chrome.exe
Build info: version: &#039;3.141.59&#039;, revision: &#039;e82be7d358&#039;, time: &#039;2018-11-14T08:17:03&#039;
System info: host: &#039;DESKTOP-K8HJ363&#039;, ip: &#039;192.168.43.99&#039;, os.name: &#039;Windows 10&#039;, os.arch: &#039;amd64&#039;, os.version: &#039;10.0&#039;, java.version: &#039;14.0.2&#039;
Driver info: driver.version: ChromeDriver
remote stacktrace: Backtrace:
	Ordinal0 [0x0089E7D3+124883]
	Ordinal0 [0x0089E7B1+124849]
	GetHandleVerifier [0x00AE8688+193832]
	GetHandleVerifier [0x00B03AC5+305509]
	GetHandleVerifier [0x00B0021B+291003]
	GetHandleVerifier [0x00AFE0AC+282444]
	GetHandleVerifier [0x00B24A90+440624]
	GetHandleVerifier [0x00B247FC+439964]
	GetHandleVerifier [0x00B2154B+426987]
	GetHandleVerifier [0x00B04FFD+310941]
	GetHandleVerifier [0x00B05D8E+314414]
	GetHandleVerifier [0x00B05D19+314297]
	GetHandleVerifier [0x00BC31EC+1089676]
	GetHandleVerifier [0x00BC17C9+1082985]
	GetHandleVerifier [0x00BC13A3+1081923]
	GetHandleVerifier [0x00CBD9FD+2115741]
	Ordinal0 [0x009EB82E+1488942]
	Ordinal0 [0x00985A7D+1071741]
	Ordinal0 [0x0098559B+1070491]
	Ordinal0 [0x009854B1+1070257]
	Ordinal0 [0x009BFF53+1310547]
	BaseThreadInitThunk [0x75066359+25]
	RtlGetAppContainerNamedObjectPath [0x778D87A4+228]
	RtlGetAppContainerNamedObjectPath [0x778D8774+180]
" type="org.openqa.selenium.SessionNotCreatedException">
      <![CDATA[org.openqa.selenium.SessionNotCreatedException: session not created: This version of ChromeDriver only supports Chrome version 89
Current browser version is 91.0.4472.77 with binary path C:\Program Files\Google\Chrome\Application\chrome.exe
Build info: version: '3.141.59', revision: 'e82be7d358', time: '2018-11-14T08:17:03'
System info: host: 'DESKTOP-K8HJ363', ip: '192.168.43.99', os.name: 'Windows 10', os.arch: 'amd64', os.version: '10.0', java.version: '14.0.2'
Driver info: driver.version: ChromeDriver
remote stacktrace: Backtrace:
Ordinal0 [0x0089E7D3+124883]
Ordinal0 [0x0089E7B1+124849]
GetHandleVerifier [0x00AE8688+193832]
GetHandleVerifier [0x00B03AC5+305509]
GetHandleVerifier [0x00B0021B+291003]
GetHandleVerifier [0x00AFE0AC+282444]
GetHandleVerifier [0x00B24A90+440624]
GetHandleVerifier [0x00B247FC+439964]
GetHandleVerifier [0x00B2154B+426987]
GetHandleVerifier [0x00B04FFD+310941]
GetHandleVerifier [0x00B05D8E+314414]
GetHandleVerifier [0x00B05D19+314297]
GetHandleVerifier [0x00BC31EC+1089676]
GetHandleVerifier [0x00BC17C9+1082985]
GetHandleVerifier [0x00BC13A3+1081923]
GetHandleVerifier [0x00CBD9FD+2115741]
Ordinal0 [0x009EB82E+1488942]
Ordinal0 [0x00985A7D+1071741]
Ordinal0 [0x0098559B+1070491]
Ordinal0 [0x009854B1+1070257]
Ordinal0 [0x009BFF53+1310547]
BaseThreadInitThunk [0x75066359+25]
RtlGetAppContainerNamedObjectPath [0x778D87A4+228]
RtlGetAppContainerNamedObjectPath [0x778D8774+180]

at java.base/jdk.internal.reflect.NativeConstructorAccessorImpl.newInstance0(Native Method)
at java.base/jdk.internal.reflect.NativeConstructorAccessorImpl.newInstance(NativeConstructorAccessorImpl.java:62)
at java.base/jdk.internal.reflect.DelegatingConstructorAccessorImpl.newInstance(DelegatingConstructorAccessorImpl.java:45)
at java.base/java.lang.reflect.Constructor.newInstanceWithCaller(Constructor.java:500)
at java.base/java.lang.reflect.Constructor.newInstance(Constructor.java:481)
at org.openqa.selenium.remote.W3CHandshakeResponse.lambda$errorHandler$0(W3CHandshakeResponse.java:62)
at org.openqa.selenium.remote.HandshakeResponse.lambda$getResponseFunction$0(HandshakeResponse.java:30)
at org.openqa.selenium.remote.ProtocolHandshake.lambda$createSession$0(ProtocolHandshake.java:126)
at java.base/java.util.stream.ReferencePipeline$3$1.accept(ReferencePipeline.java:195)
at java.base/java.util.Spliterators$ArraySpliterator.tryAdvance(Spliterators.java:958)
at java.base/java.util.stream.ReferencePipeline.forEachWithCancel(ReferencePipeline.java:127)
at java.base/java.util.stream.AbstractPipeline.copyIntoWithCancel(AbstractPipeline.java:502)
at java.base/java.util.stream.AbstractPipeline.copyInto(AbstractPipeline.java:488)
at java.base/java.util.stream.AbstractPipeline.wrapAndCopyInto(AbstractPipeline.java:474)
at java.base/java.util.stream.FindOps$FindOp.evaluateSequential(FindOps.java:150)
at java.base/java.util.stream.AbstractPipeline.evaluate(AbstractPipeline.java:234)
at java.base/java.util.stream.ReferencePipeline.findFirst(ReferencePipeline.java:543)
at org.openqa.selenium.remote.ProtocolHandshake.createSession(ProtocolHandshake.java:128)
at org.openqa.selenium.remote.ProtocolHandshake.createSession(ProtocolHandshake.java:74)
at org.openqa.selenium.remote.HttpCommandExecutor.execute(HttpCommandExecutor.java:136)
at org.openqa.selenium.remote.service.DriverCommandExecutor.execute(DriverCommandExecutor.java:83)
at org.openqa.selenium.remote.RemoteWebDriver.execute(RemoteWebDriver.java:552)
at org.openqa.selenium.remote.RemoteWebDriver.startSession(RemoteWebDriver.java:213)
at org.openqa.selenium.remote.RemoteWebDriver.<init>(RemoteWebDriver.java:131)
at org.openqa.selenium.chrome.ChromeDriver.<init>(ChromeDriver.java:181)
at org.openqa.selenium.chrome.ChromeDriver.<init>(ChromeDriver.java:168)
at org.openqa.selenium.chrome.ChromeDriver.<init>(ChromeDriver.java:123)
at training.Extend_report.setup(Extend_report.java:34)
at java.base/jdk.internal.reflect.NativeMethodAccessorImpl.invoke0(Native Method)
at java.base/jdk.internal.reflect.NativeMethodAccessorImpl.invoke(NativeMethodAccessorImpl.java:62)
at java.base/jdk.internal.reflect.DelegatingMethodAccessorImpl.invoke(DelegatingMethodAccessorImpl.java:43)
at java.base/java.lang.reflect.Method.invoke(Method.java:564)
at org.testng.internal.MethodInvocationHelper.invokeMethod(MethodInvocationHelper.java:124)
at org.testng.internal.MethodInvocationHelper.invokeMethodConsideringTimeout(MethodInvocationHelper.java:59)
at org.testng.internal.Invoker.invokeConfigurationMethod(Invoker.java:458)
at org.testng.internal.Invoker.invokeConfigurations(Invoker.java:222)
at org.testng.internal.Invoker.invokeConfigurations(Invoker.java:142)
at org.testng.SuiteRunner.privateRun(SuiteRunner.java:401)
at org.testng.SuiteRunner.run(SuiteRunner.java:364)
at org.testng.SuiteRunnerWorker.runSuite(SuiteRunnerWorker.java:52)
at org.testng.SuiteRunnerWorker.run(SuiteRunnerWorker.java:84)
at org.testng.TestNG.runSuitesSequentially(TestNG.java:1208)
at org.testng.TestNG.runSuitesLocally(TestNG.java:1137)
at org.testng.TestNG.runSuites(TestNG.java:1049)
at org.testng.TestNG.run(TestNG.java:1017)
at org.testng.remote.AbstractRemoteTestNG.run(AbstractRemoteTestNG.java:115)
at org.testng.remote.RemoteTestNG.initAndRun(RemoteTestNG.java:251)
at org.testng.remote.RemoteTestNG.main(RemoteTestNG.java:77)
]]>
    </error>
  </testcase> <!-- setup -->
  <testcase classname="training.Extend_report" name="login" time="0.000">
    <skipped/>
  </testcase> <!-- login -->
</testsuite> <!-- training.Extend_report -->
